F:\PROFILES\GLSL\GLSL-C++\GLSL\DEBUG\GLSL.PCH
F:\PROFILES\GLSL\GLSL-C++\GLSL\DEBUG\STDAFX.OBJ
F:\PROFILES\GLSL\GLSL-C++\GLSL\DEBUG\VC110.PDB
F:\PROFILES\GLSL\GLSL-C++\GLSL\DEBUG\GLEE.OBJ
F:\PROFILES\GLSL\GLSL-C++\GLSL\DEBUG\GLSL.OBJ
F:\PROFILES\GLSL\GLSL-C++\DEBUG\GLSL.ILK
F:\PROFILES\GLSL\GLSL-C++\DEBUG\GLSL.EXE
F:\PROFILES\GLSL\GLSL-C++\DEBUG\GLSL.PDB
F:\profiles\glsl\glsl-c++\glsl\Debug\glee.obj
F:\profiles\glsl\glsl-c++\glsl\Debug\glsl.obj
F:\profiles\glsl\glsl-c++\glsl\Debug\stdafx.obj
F:\profiles\glsl\glsl-c++\glsl\Debug\cl.command.1.tlog
F:\profiles\glsl\glsl-c++\glsl\Debug\CL.read.1.tlog
F:\profiles\glsl\glsl-c++\glsl\Debug\CL.write.1.tlog
F:\profiles\glsl\glsl-c++\glsl\Debug\link-cvtres.read.1.tlog
F:\profiles\glsl\glsl-c++\glsl\Debug\link-cvtres.write.1.tlog
F:\profiles\glsl\glsl-c++\glsl\Debug\link-rc.read.1.tlog
F:\profiles\glsl\glsl-c++\glsl\Debug\link-rc.write.1.tlog
F:\profiles\glsl\glsl-c++\glsl\Debug\link.command.1.tlog
F:\profiles\glsl\glsl-c++\glsl\Debug\link.read.1.tlog
F:\profiles\glsl\glsl-c++\glsl\Debug\link.write.1.tlog
F:\profiles\glsl\glsl-c++\glsl\Debug\glsl.pch
F:\profiles\glsl\glsl-c++\glsl\Debug\vc110.idb
F:\profiles\glsl\glsl-c++\glsl\Debug\vc110.pdb
F:\profiles\glsl\glsl-c++\Debug\glsl.pdb
F:\profiles\glsl\glsl-c++\Debug\glsl.exe
F:\profiles\glsl\glsl-c++\Debug\glsl.ilk
